0 info it worked if it ends with ok
1 verbose cli [ 'C:\\programfiles\\nodejs\\node.exe',
1 verbose cli   'C:\\programfiles\\nodejs\\node_modules\\npm\\bin\\npm-cli.js',
1 verbose cli   'run',
1 verbose cli   'build' ]
2 info using npm@3.10.10
3 info using node@v6.10.2
4 verbose run-script [ 'prebuild', 'build', 'postbuild' ]
5 info lifecycle offlineTodo@0.0.1~prebuild: offlineTodo@0.0.1
6 silly lifecycle offlineTodo@0.0.1~prebuild: no script for prebuild, continuing
7 info lifecycle offlineTodo@0.0.1~build: offlineTodo@0.0.1
8 verbose lifecycle offlineTodo@0.0.1~build: unsafe-perm in lifecycle true
9 verbose lifecycle offlineTodo@0.0.1~build: PATH: C:\programfiles\nodejs\node_modules\npm\bin\node-gyp-bin;C:\Users\Ramm\my_git\Mobile\offlineTodo\node_modules\.bin;C:\Users\Ramm\bin;C:\Program Files\Git\mingw64\bin;C:\Program Files\Git\usr\local\bin;C:\Program Files\Git\usr\bin;C:\Program Files\Git\usr\bin;C:\Program Files\Git\cmd;C:\Program Files\ConEmu\ConEmu\Scripts;C:\Program Files\ConEmu;C:\Program Files\ConEmu\ConEmu;C:\ProgramData\Oracle\Java\javapath;C:\Windows\system32;C:\Windows;C:\Windows\System32\Wbem;C:\Windows\System32\WindowsPowerShell\v1.0;C:\Program Files (x86)\Microsoft Visual Studio 9.0\Common7\IDE\PrivateAssemblies;C:\Program Files (x86)\GtkSharp\2.12\bin;C:\Program Files\Microsoft\Web Platform Installer;C:\Program Files (x86)\sbt;C:\Program Files (x86)\Microsoft SDKs\TypeScript\1.0;C:\programfiles\nodejs;C:\Program Files (x86)\Microsoft SQL Server\100\Tools\Binn;C:\Program Files\Microsoft SQL Server\100\Tools\Binn;C:\Program Files\Microsoft SQL Server\100\DTS\Binn;C:\Program Files (x86)\Microsoft SQL Server\100\Tools\Binn\VSShell\Common7\IDE;C:\Program Files (x86)\Microsoft SQL Server\100\DTS\Binn;C:\Program Files\Microsoft SQL Server\110\Tools\Binn;C:\Program Files (x86)\Microsoft SQL Server\110\Tools\Binn;C:\Program Files\Microsoft SQL Server\110\DTS\Binn;C:\Program Files (x86)\Microsoft SQL Server\110\Tools\Binn\ManagementStudio;C:\Program Files (x86)\Microsoft SQL Server\110\DTS\Binn;C:\Program Files\Microsoft SQL Server\120\Tools\Binn;C:\ProgramData\Oracle\Java\javapath;C:\Program Files\Java\jdk1.8.0_121\jre\bin;C:\Program Files\Java\jdk1.8.0_121\bin;C:\Program Files\Common Files\Microsoft Shared\Windows Live;C:\Program Files (x86)\Common Files\Microsoft Shared\Windows Live;C:\Program Files (x86)\Windows Live\Shared;C:\Windows\System32\WindowsPowerShell\v1.0;C:\apache-ant-1.9.3\bin;C:\Windows\System32\WindowsPowerShell\v1.0;C:\Python27\Lib;C:\Users\Ram\AppData\Roaming\npm\node_modules;C:\Program Files\WIDCOMM\Bluetooth Software;C:\Program Files\WIDCOMM\Bluetooth Software\syswow64;C:\Program Files\Microsoft SQL Server\120\DTS\Binn;C:\Program Files\Microsoft SQL Server\Client SDK\ODBC\110\Tools\Binn;C:\Program Files (x86)\Microsoft SQL Server\120\Tools\Binn;C:\Program Files\Microsoft SQL Server\120\Tools\Binn;C:\Program Files (x86)\Microsoft SQL Server\120\Tools\Binn\ManagementStudio;C:\Program Files (x86)\Microsoft SQL Server\120\DTS\Binn;C:\Program Files (x86)\Brackets\command;C:\Program Files (x86)\Skype\Phone;C:\Program Files (x86)\LINQPad5;C:\Program Files\MongoDB\Server\3.2\bin;C:\Program Files (x86)\Heroku\bin;C:\ProgramFiles\Android\android-sdk\platform-tools;C:\Program Files\Microsoft SQL Server\130\Tools\Binn;C:\Program Files\dotnet;C:\ProgramFiles\nodejs;C:\Program Files (x86)\Yarn\bin;C:\Cygwin\bin;C:\Program Files\Git\cmd;C:\Users\Ram\AppData\Roaming\npm;C:\Users\Ram\AppData\Roaming\npm\node_modules;C:\Program Files (x86)\Microsoft VS Code;C:\Program Files (x86)\AnonVPN\bin;C:\Users\Ramm\AppData\Roaming\npm;C:\Program Files (x86)\Microsoft VS Code\bin;C:\Users\Ramm\AppData\Local\Yarn\bin;C:\Program Files\Git\usr\bin\vendor_perl;C:\Program Files\Git\usr\bin\core_perl
10 verbose lifecycle offlineTodo@0.0.1~build: CWD: C:\Users\Ramm\my_git\Mobile\offlineTodo
11 silly lifecycle offlineTodo@0.0.1~build: Args: [ '/d /s /c', 'npm run clean && npm run tsc -- ' ]
12 silly lifecycle offlineTodo@0.0.1~build: Returned: code: 1  signal: null
13 info lifecycle offlineTodo@0.0.1~build: Failed to exec build script
14 verbose stack Error: offlineTodo@0.0.1 build: `npm run clean && npm run tsc -- `
14 verbose stack Exit status 1
14 verbose stack     at EventEmitter.<anonymous> (C:\programfiles\nodejs\node_modules\npm\lib\utils\lifecycle.js:255:16)
14 verbose stack     at emitTwo (events.js:106:13)
14 verbose stack     at EventEmitter.emit (events.js:191:7)
14 verbose stack     at ChildProcess.<anonymous> (C:\programfiles\nodejs\node_modules\npm\lib\utils\spawn.js:40:14)
14 verbose stack     at emitTwo (events.js:106:13)
14 verbose stack     at ChildProcess.emit (events.js:191:7)
14 verbose stack     at maybeClose (internal/child_process.js:886:16)
14 verbose stack     at Process.ChildProcess._handle.onexit (internal/child_process.js:226:5)
15 verbose pkgid offlineTodo@0.0.1
16 verbose cwd C:\Users\Ramm\my_git\Mobile\offlineTodo
17 error Windows_NT 6.1.7601
18 error argv "C:\\programfiles\\nodejs\\node.exe" "C:\\programfiles\\nodejs\\node_modules\\npm\\bin\\npm-cli.js" "run" "build"
19 error node v6.10.2
20 error npm  v3.10.10
21 error code ELIFECYCLE
22 error offlineTodo@0.0.1 build: `npm run clean && npm run tsc -- `
22 error Exit status 1
23 error Failed at the offlineTodo@0.0.1 build script 'npm run clean && npm run tsc -- '.
23 error Make sure you have the latest version of node.js and npm installed.
23 error If you do, this is most likely a problem with the offlineTodo package,
23 error not with npm itself.
23 error Tell the author that this fails on your system:
23 error     npm run clean && npm run tsc --
23 error You can get information on how to open an issue for this project with:
23 error     npm bugs offlineTodo
23 error Or if that isn't available, you can get their info via:
23 error     npm owner ls offlineTodo
23 error There is likely additional logging output above.
24 verbose exit [ 1, true ]
